<?xml version="1.0" encoding="UTF-8"?>
<!-- Generated by org.testng.reporters.JUnitXMLReporter -->
<testsuite ignored="0" hostname="LAPTOP-GAUPM6CM" failures="0" tests="4" name="Default test" time="29.436" errors="0" timestamp="2024-08-30T10:36:03 IST">
  <testcase classname="testcases.regression.ValidateLoginUsingDataProvider" name="validateLoginTest1" time="0.945"/>
  <testcase classname="testcases.regression.ValidateLoginUsingDataProvider" name="validateLoginTest1" time="0.564"/>
  <testcase classname="testcases.regression.ValidateLoginUsingDataProvider" name="validateLoginTest1" time="0.6"/>
  <testcase classname="testcases.regression.ValidateLoginUsingDataProvider" name="validateLoginTest1" time="0.505"/>
</testsuite> <!-- Default test -->
