<?xml version="1.0" encoding="UTF-8"?>
<testng-results ignored="0" total="1" passed="1" failed="0" skipped="0">
  <reporter-output>
  </reporter-output>
  <suite started-at="2024-09-04T10:13:40 IST" name="Default suite" finished-at="2024-09-04T10:13:58 IST" duration-ms="17980">
    <groups>
    </groups>
    <test started-at="2024-09-04T10:13:40 IST" name="Default test" finished-at="2024-09-04T10:13:58 IST" duration-ms="17980">
      <class name="testcases.regression.ValidateSearchHotelUsingKeyword">
        <test-method is-config="true" signature="setUpProperties()[pri:0, instance:testcases.regression.ValidateSearchHotelUsingKeyword@729d991e]" started-at="2024-09-04T10:13:40 IST" name="setUpProperties" finished-at="2024-09-04T10:13:40 IST" duration-ms="6" status="PASS">
          <reporter-output>
          </reporter-output>
        </test-method> <!-- setUpProperties -->
        <test-method signature="validateLoginTest1()[pri:0, instance:testcases.regression.ValidateSearchHotelUsingKeyword@729d991e]" started-at="2024-09-04T10:13:40 IST" name="validateLoginTest1" finished-at="2024-09-04T10:13:58 IST" duration-ms="17946" status="PASS">
          <reporter-output>
          </reporter-output>
        </test-method> <!-- validateLoginTest1 -->
      </class> <!-- testcases.regression.ValidateSearchHotelUsingKeyword -->
    </test> <!-- Default test -->
  </suite> <!-- Default suite -->
</testng-results>
