<?xml version="1.0" encoding="UTF-8"?>
<testng-results ignored="0" total="1" passed="1" failed="0" skipped="0">
  <reporter-output>
  </reporter-output>
  <suite started-at="2024-09-05T09:59:33 IST" name="Default suite" finished-at="2024-09-05T09:59:45 IST" duration-ms="11894">
    <groups>
    </groups>
    <test started-at="2024-09-05T09:59:33 IST" name="Default test" finished-at="2024-09-05T09:59:45 IST" duration-ms="11894">
      <class name="testcases.regression.ValidateLoginUsingPOM">
        <test-method is-config="true" signature="setUpProperties()[pri:0, instance:testcases.regression.ValidateLoginUsingPOM@4dbb42b7]" started-at="2024-09-05T09:59:33 IST" name="setUpProperties" finished-at="2024-09-05T09:59:33 IST" duration-ms="11" status="PASS">
          <reporter-output>
          </reporter-output>
        </test-method> <!-- setUpProperties -->
        <test-method is-config="true" signature="setUp()[pri:0, instance:testcases.regression.ValidateLoginUsingPOM@4dbb42b7]" started-at="2024-09-05T09:59:33 IST" name="setUp" finished-at="2024-09-05T09:59:41 IST" duration-ms="7795" status="PASS">
          <reporter-output>
          </reporter-output>
        </test-method> <!-- setUp -->
        <test-method signature="validateLoginTest1()[pri:0, instance:testcases.regression.ValidateLoginUsingPOM@4dbb42b7]" started-at="2024-09-05T09:59:41 IST" name="validateLoginTest1" finished-at="2024-09-05T09:59:41 IST" duration-ms="789" status="PASS">
          <reporter-output>
          </reporter-output>
        </test-method> <!-- validateLoginTest1 -->
        <test-method is-config="true" signature="teardown()[pri:0, instance:testcases.regression.ValidateLoginUsingPOM@4dbb42b7]" started-at="2024-09-05T09:59:41 IST" name="teardown" finished-at="2024-09-05T09:59:45 IST" duration-ms="3278" status="PASS">
          <reporter-output>
          </reporter-output>
        </test-method> <!-- teardown -->
      </class> <!-- testcases.regression.ValidateLoginUsingPOM -->
    </test> <!-- Default test -->
  </suite> <!-- Default suite -->
</testng-results>
